This file contains any messages produced by compilers while
running configure, to aid debugging if configure makes a mistake.

It was created by packETH configure 1.7, which was
generated by GNU Autoconf 2.69.  Invocation command line was

  $ ./configure 

## --------- ##
## Platform. ##
## --------- ##

hostname = presedljaj
uname -m = x86_64
uname -r = 4.4.0-31-generic
uname -s = Linux
uname -v = #50-Ubuntu SMP Wed Jul 13 00:07:12 UTC 2016

/usr/bin/uname -p = unknown
/bin/uname -X     = unknown

/bin/arch              = unknown
/usr/bin/arch -k       = unknown
/usr/convex/getsysinfo = unknown
/usr/bin/hostinfo      = unknown
/bin/machine           = unknown
/usr/bin/oslevel       = unknown
/bin/universe          = unknown

PATH: /usr/local/sbin
PATH: /usr/local/bin
PATH: /usr/sbin
PATH: /usr/bin
PATH: /sbin
PATH: /bin
PATH: /usr/games
PATH: /usr/local/games


## ----------- ##
## Core tests. ##
## ----------- ##

configure:2219: checking for a BSD-compatible install
configure:2287: result: /usr/bin/install -c
configure:2298: checking whether build environment is sane
configure:2353: result: yes
configure:2504: checking for a thread-safe mkdir -p
configure:2543: result: /bin/mkdir -p
configure:2550: checking for gawk
configure:2566: found /usr/bin/gawk
configure:2577: result: gawk
configure:2588: checking whether make sets $(MAKE)
configure:2610: result: yes
configure:2639: checking whether make supports nested variables
configure:2656: result: yes
configure:2834: checking for gcc
configure:2850: found /usr/bin/gcc
configure:2861: result: gcc
configure:3090: checking for C compiler version
configure:3099: gcc --version >&5
gcc (Ubuntu 5.4.0-6ubuntu1~16.04.4) 5.4.0 20160609
Copyright (C) 2015 Free Software Foundation, Inc.
This is free software; see the source for copying conditions.  There is NO
warranty; not even for MERCHANTABILITY or FITNESS FOR A PARTICULAR PURPOSE.

configure:3110: $? = 0
configure:3099: gcc -v >&5
Using built-in specs.
COLLECT_GCC=gcc
COLLECT_LTO_WRAPPER=/usr/lib/gcc/x86_64-linux-gnu/5/lto-wrapper
Target: x86_64-linux-gnu
Configured with: ../src/configure -v --with-pkgversion='Ubuntu 5.4.0-6ubuntu1~16.04.4' --with-bugurl=file:///usr/share/doc/gcc-5/README.Bugs --enable-languages=c,ada,c++,java,go,d,fortran,objc,obj-c++ --prefix=/usr --program-suffix=-5 --enable-shared --enable-linker-build-id --libexecdir=/usr/lib --without-included-gettext --enable-threads=posix --libdir=/usr/lib --enable-nls --with-sysroot=/ --enable-clocale=gnu --enable-libstdcxx-debug --enable-libstdcxx-time=yes --with-default-libstdcxx-abi=new --enable-gnu-unique-object --disable-vtable-verify --enable-libmpx --enable-plugin --with-system-zlib --disable-browser-plugin --enable-java-awt=gtk --enable-gtk-cairo --with-java-home=/usr/lib/jvm/java-1.5.0-gcj-5-amd64/jre --enable-java-home --with-jvm-root-dir=/usr/lib/jvm/java-1.5.0-gcj-5-amd64 --with-jvm-jar-dir=/usr/lib/jvm-exports/java-1.5.0-gcj-5-amd64 --with-arch-directory=amd64 --with-ecj-jar=/usr/share/java/eclipse-ecj.jar --enable-objc-gc --enable-multiarch --disable-werror --with-arch-32=i686 --with-abi=m64 --with-multilib-list=m32,m64,mx32 --enable-multilib --with-tune=generic --enable-checking=release --build=x86_64-linux-gnu --host=x86_64-linux-gnu --target=x86_64-linux-gnu
Thread model: posix
gcc version 5.4.0 20160609 (Ubuntu 5.4.0-6ubuntu1~16.04.4) 
configure:3110: $? = 0
configure:3099: gcc -V >&5
gcc: error: unrecognized command line option '-V'
gcc: fatal error: no input files
compilation terminated.
configure:3110: $? = 1
configure:3099: gcc -qversion >&5
gcc: error: unrecognized command line option '-qversion'
gcc: fatal error: no input files
compilation terminated.
configure:3110: $? = 1
configure:3130: checking whether the C compiler works
configure:3152: gcc    conftest.c  >&5
configure:3156: $? = 0
configure:3204: result: yes
configure:3207: checking for C compiler default output file name
configure:3209: result: a.out
configure:3215: checking for suffix of executables
configure:3222: gcc -o conftest    conftest.c  >&5
configure:3226: $? = 0
configure:3248: result: 
configure:3270: checking whether we are cross compiling
configure:3278: gcc -o conftest    conftest.c  >&5
configure:3282: $? = 0
configure:3289: ./conftest
configure:3293: $? = 0
configure:3308: result: no
configure:3313: checking for suffix of object files
configure:3335: gcc -c   conftest.c >&5
configure:3339: $? = 0
configure:3360: result: o
configure:3364: checking whether we are using the GNU C compiler
configure:3383: gcc -c   conftest.c >&5
configure:3383: $? = 0
configure:3392: result: yes
configure:3401: checking whether gcc accepts -g
configure:3421: gcc -c -g  conftest.c >&5
configure:3421: $? = 0
configure:3462: result: yes
configure:3479: checking for gcc option to accept ISO C89
configure:3542: gcc  -c -g -O2  conftest.c >&5
configure:3542: $? = 0
configure:3555: result: none needed
configure:3580: checking whether gcc understands -c and -o together
configure:3602: gcc -c conftest.c -o conftest2.o
configure:3605: $? = 0
configure:3602: gcc -c conftest.c -o conftest2.o
configure:3605: $? = 0
configure:3617: result: yes
configure:3645: checking for style of include used by make
configure:3673: result: GNU
configure:3699: checking dependency style of gcc
configure:3810: result: gcc3
configure:3830: checking for pow in -lm
configure:3855: gcc -o conftest -g -O2   conftest.c -lm   >&5
conftest.c:18:6: warning: conflicting types for built-in function 'pow'
 char pow ();
      ^
configure:3855: $? = 0
configure:3864: result: yes
configure:3875: checking for pthread_create in -lpthread
configure:3900: gcc -o conftest -g -O2   conftest.c -lpthread  -lm  >&5
configure:3900: $? = 0
configure:3909: result: yes
configure:3927: checking how to run the C preprocessor
configure:3958: gcc -E  conftest.c
configure:3958: $? = 0
configure:3972: gcc -E  conftest.c
conftest.c:13:28: fatal error: ac_nonexistent.h: No such file or directory
compilation terminated.
configure:3972: $? = 1
configure: failed program was:
| /* confdefs.h */
| #define PACKAGE_NAME "packETH"
| #define PACKAGE_TARNAME "packeth"
| #define PACKAGE_VERSION "1.7"
| #define PACKAGE_STRING "packETH 1.7"
| #define PACKAGE_BUGREPORT "jemcek@gmail.com"
| #define PACKAGE_URL ""
| #define PACKAGE "packeth"
| #define VERSION "1.7"
| #define HAVE_LIBM 1
| #define HAVE_LIBPTHREAD 1
| /* end confdefs.h.  */
| #include <ac_nonexistent.h>
configure:3997: result: gcc -E
configure:4017: gcc -E  conftest.c
configure:4017: $? = 0
configure:4031: gcc -E  conftest.c
conftest.c:13:28: fatal error: ac_nonexistent.h: No such file or directory
compilation terminated.
configure:4031: $? = 1
configure: failed program was:
| /* confdefs.h */
| #define PACKAGE_NAME "packETH"
| #define PACKAGE_TARNAME "packeth"
| #define PACKAGE_VERSION "1.7"
| #define PACKAGE_STRING "packETH 1.7"
| #define PACKAGE_BUGREPORT "jemcek@gmail.com"
| #define PACKAGE_URL ""
| #define PACKAGE "packeth"
| #define VERSION "1.7"
| #define HAVE_LIBM 1
| #define HAVE_LIBPTHREAD 1
| /* end confdefs.h.  */
| #include <ac_nonexistent.h>
configure:4060: checking for grep that handles long lines and -e
configure:4118: result: /bin/grep
configure:4123: checking for egrep
configure:4185: result: /bin/grep -E
configure:4190: checking for ANSI C header files
configure:4210: gcc -c -g -O2  conftest.c >&5
configure:4210: $? = 0
configure:4283: gcc -o conftest -g -O2   conftest.c -lpthread -lm  >&5
configure:4283: $? = 0
configure:4283: ./conftest
configure:4283: $? = 0
configure:4294: result: yes
configure:4307: checking for sys/types.h
configure:4307: gcc -c -g -O2  conftest.c >&5
configure:4307: $? = 0
configure:4307: result: yes
configure:4307: checking for sys/stat.h
configure:4307: gcc -c -g -O2  conftest.c >&5
configure:4307: $? = 0
configure:4307: result: yes
configure:4307: checking for stdlib.h
configure:4307: gcc -c -g -O2  conftest.c >&5
configure:4307: $? = 0
configure:4307: result: yes
configure:4307: checking for string.h
configure:4307: gcc -c -g -O2  conftest.c >&5
configure:4307: $? = 0
configure:4307: result: yes
configure:4307: checking for memory.h
configure:4307: gcc -c -g -O2  conftest.c >&5
configure:4307: $? = 0
configure:4307: result: yes
configure:4307: checking for strings.h
configure:4307: gcc -c -g -O2  conftest.c >&5
configure:4307: $? = 0
configure:4307: result: yes
configure:4307: checking for inttypes.h
configure:4307: gcc -c -g -O2  conftest.c >&5
configure:4307: $? = 0
configure:4307: result: yes
configure:4307: checking for stdint.h
configure:4307: gcc -c -g -O2  conftest.c >&5
configure:4307: $? = 0
configure:4307: result: yes
configure:4307: checking for unistd.h
configure:4307: gcc -c -g -O2  conftest.c >&5
configure:4307: $? = 0
configure:4307: result: yes
configure:4322: checking libintl.h usability
configure:4322: gcc -c -g -O2  conftest.c >&5
configure:4322: $? = 0
configure:4322: result: yes
configure:4322: checking libintl.h presence
configure:4322: gcc -E  conftest.c
configure:4322: $? = 0
configure:4322: result: yes
configure:4322: checking for libintl.h
configure:4322: result: yes
configure:4322: checking netdb.h usability
configure:4322: gcc -c -g -O2  conftest.c >&5
configure:4322: $? = 0
configure:4322: result: yes
configure:4322: checking netdb.h presence
configure:4322: gcc -E  conftest.c
configure:4322: $? = 0
configure:4322: result: yes
configure:4322: checking for netdb.h
configure:4322: result: yes
configure:4322: checking netinet/in.h usability
configure:4322: gcc -c -g -O2  conftest.c >&5
configure:4322: $? = 0
configure:4322: result: yes
configure:4322: checking netinet/in.h presence
configure:4322: gcc -E  conftest.c
configure:4322: $? = 0
configure:4322: result: yes
configure:4322: checking for netinet/in.h
configure:4322: result: yes
configure:4322: checking for stdlib.h
configure:4322: result: yes
configure:4322: checking for string.h
configure:4322: result: yes
configure:4322: checking sys/ioctl.h usability
configure:4322: gcc -c -g -O2  conftest.c >&5
configure:4322: $? = 0
configure:4322: result: yes
configure:4322: checking sys/ioctl.h presence
configure:4322: gcc -E  conftest.c
configure:4322: $? = 0
configure:4322: result: yes
configure:4322: checking for sys/ioctl.h
configure:4322: result: yes
configure:4322: checking sys/socket.h usability
configure:4322: gcc -c -g -O2  conftest.c >&5
configure:4322: $? = 0
configure:4322: result: yes
configure:4322: checking sys/socket.h presence
configure:4322: gcc -E  conftest.c
configure:4322: $? = 0
configure:4322: result: yes
configure:4322: checking for sys/socket.h
configure:4322: result: yes
configure:4322: checking sys/time.h usability
configure:4322: gcc -c -g -O2  conftest.c >&5
configure:4322: $? = 0
configure:4322: result: yes
configure:4322: checking sys/time.h presence
configure:4322: gcc -E  conftest.c
configure:4322: $? = 0
configure:4322: result: yes
configure:4322: checking for sys/time.h
configure:4322: result: yes
configure:4322: checking sys/timeb.h usability
configure:4322: gcc -c -g -O2  conftest.c >&5
configure:4322: $? = 0
configure:4322: result: yes
configure:4322: checking sys/timeb.h presence
configure:4322: gcc -E  conftest.c
configure:4322: $? = 0
configure:4322: result: yes
configure:4322: checking for sys/timeb.h
configure:4322: result: yes
configure:4322: checking for unistd.h
configure:4322: result: yes
configure:4389: checking for pkg-config
configure:4407: found /usr/bin/pkg-config
configure:4419: result: /usr/bin/pkg-config
configure:4444: checking pkg-config is at least version 0.9.0
configure:4447: result: yes
configure:4457: checking for DEPS
configure:4464: $PKG_CONFIG --exists --print-errors "$pkg_modules"
configure:4467: $? = 0
configure:4481: $PKG_CONFIG --exists --print-errors "$pkg_modules"
configure:4484: $? = 0
configure:4542: result: yes
configure:4548: checking for error_at_line
configure:4564: gcc -o conftest -g -O2   conftest.c -lpthread -lm  >&5
configure:4564: $? = 0
configure:4572: result: yes
configure:4585: checking for stdlib.h
configure:4585: result: yes
configure:4595: checking for GNU libc compatible malloc
configure:4619: gcc -o conftest -g -O2   conftest.c -lpthread -lm  >&5
configure:4619: $? = 0
configure:4619: ./conftest
configure:4619: $? = 0
configure:4629: result: yes
configure:4650: checking for working strtod
configure:4691: gcc -o conftest -g -O2   conftest.c -lpthread -lm  >&5
configure:4691: $? = 0
configure:4691: ./conftest
configure:4691: $? = 0
configure:4701: result: yes
configure:4766: checking for bzero
configure:4766: gcc -o conftest -g -O2   conftest.c -lpthread -lm  >&5
conftest.c:58:6: warning: conflicting types for built-in function 'bzero'
 char bzero ();
      ^
configure:4766: $? = 0
configure:4766: result: yes
configure:4766: checking for ftime
configure:4766: gcc -o conftest -g -O2   conftest.c -lpthread -lm  >&5
configure:4766: $? = 0
configure:4766: result: yes
configure:4766: checking for gettimeofday
configure:4766: gcc -o conftest -g -O2   conftest.c -lpthread -lm  >&5
configure:4766: $? = 0
configure:4766: result: yes
configure:4766: checking for isascii
configure:4766: gcc -o conftest -g -O2   conftest.c -lpthread -lm  >&5
conftest.c:61:6: warning: conflicting types for built-in function 'isascii'
 char isascii ();
      ^
configure:4766: $? = 0
configure:4766: result: yes
configure:4766: checking for memset
configure:4766: gcc -o conftest -g -O2   conftest.c -lpthread -lm  >&5
conftest.c:62:6: warning: conflicting types for built-in function 'memset'
 char memset ();
      ^
configure:4766: $? = 0
configure:4766: result: yes
configure:4766: checking for socket
configure:4766: gcc -o conftest -g -O2   conftest.c -lpthread -lm  >&5
configure:4766: $? = 0
configure:4766: result: yes
configure:4766: checking for strchr
configure:4766: gcc -o conftest -g -O2   conftest.c -lpthread -lm  >&5
conftest.c:64:6: warning: conflicting types for built-in function 'strchr'
 char strchr ();
      ^
configure:4766: $? = 0
configure:4766: result: yes
configure:4766: checking for strtol
configure:4766: gcc -o conftest -g -O2   conftest.c -lpthread -lm  >&5
configure:4766: $? = 0
configure:4766: result: yes
configure:4766: checking for strtoul
configure:4766: gcc -o conftest -g -O2   conftest.c -lpthread -lm  >&5
configure:4766: $? = 0
configure:4766: result: yes
configure:4766: checking for strtoull
configure:4766: gcc -o conftest -g -O2   conftest.c -lpthread -lm  >&5
configure:4766: $? = 0
configure:4766: result: yes
configure:4887: checking that generated files are newer than configure
configure:4893: result: done
configure:4916: creating ./config.status

## ---------------------- ##
## Running config.status. ##
## ---------------------- ##

This file was extended by packETH config.status 1.7, which was
generated by GNU Autoconf 2.69.  Invocation command line was

  CONFIG_FILES    = 
  CONFIG_HEADERS  = 
  CONFIG_LINKS    = 
  CONFIG_COMMANDS = 
  $ ./config.status 

on presedljaj

config.status:887: creating Makefile
config.status:887: creating config.h
config.status:1068: config.h is unchanged
config.status:1116: executing depfiles commands

## ---------------- ##
## Cache variables. ##
## ---------------- ##

ac_cv_c_compiler_gnu=yes
ac_cv_env_CC_set=
ac_cv_env_CC_value=
ac_cv_env_CFLAGS_set=
ac_cv_env_CFLAGS_value=
ac_cv_env_CPPFLAGS_set=
ac_cv_env_CPPFLAGS_value=
ac_cv_env_CPP_set=
ac_cv_env_CPP_value=
ac_cv_env_DEPS_CFLAGS_set=
ac_cv_env_DEPS_CFLAGS_value=
ac_cv_env_DEPS_LIBS_set=
ac_cv_env_DEPS_LIBS_value=
ac_cv_env_LDFLAGS_set=
ac_cv_env_LDFLAGS_value=
ac_cv_env_LIBS_set=
ac_cv_env_LIBS_value=
ac_cv_env_PKG_CONFIG_LIBDIR_set=
ac_cv_env_PKG_CONFIG_LIBDIR_value=
ac_cv_env_PKG_CONFIG_PATH_set=
ac_cv_env_PKG_CONFIG_PATH_value=
ac_cv_env_PKG_CONFIG_set=
ac_cv_env_PKG_CONFIG_value=
ac_cv_env_build_alias_set=
ac_cv_env_build_alias_value=
ac_cv_env_host_alias_set=
ac_cv_env_host_alias_value=
ac_cv_env_target_alias_set=
ac_cv_env_target_alias_value=
ac_cv_func_bzero=yes
ac_cv_func_ftime=yes
ac_cv_func_gettimeofday=yes
ac_cv_func_isascii=yes
ac_cv_func_malloc_0_nonnull=yes
ac_cv_func_memset=yes
ac_cv_func_socket=yes
ac_cv_func_strchr=yes
ac_cv_func_strtod=yes
ac_cv_func_strtol=yes
ac_cv_func_strtoul=yes
ac_cv_func_strtoull=yes
ac_cv_header_inttypes_h=yes
ac_cv_header_libintl_h=yes
ac_cv_header_memory_h=yes
ac_cv_header_netdb_h=yes
ac_cv_header_netinet_in_h=yes
ac_cv_header_stdc=yes
ac_cv_header_stdint_h=yes
ac_cv_header_stdlib_h=yes
ac_cv_header_string_h=yes
ac_cv_header_strings_h=yes
ac_cv_header_sys_ioctl_h=yes
ac_cv_header_sys_socket_h=yes
ac_cv_header_sys_stat_h=yes
ac_cv_header_sys_time_h=yes
ac_cv_header_sys_timeb_h=yes
ac_cv_header_sys_types_h=yes
ac_cv_header_unistd_h=yes
ac_cv_lib_error_at_line=yes
ac_cv_lib_m_pow=yes
ac_cv_lib_pthread_pthread_create=yes
ac_cv_objext=o
ac_cv_path_EGREP='/bin/grep -E'
ac_cv_path_GREP=/bin/grep
ac_cv_path_ac_pt_PKG_CONFIG=/usr/bin/pkg-config
ac_cv_path_install='/usr/bin/install -c'
ac_cv_path_mkdir=/bin/mkdir
ac_cv_prog_AWK=gawk
ac_cv_prog_CPP='gcc -E'
ac_cv_prog_ac_ct_CC=gcc
ac_cv_prog_cc_c89=
ac_cv_prog_cc_g=yes
ac_cv_prog_make_make_set=yes
am_cv_CC_dependencies_compiler_type=gcc3
am_cv_make_support_nested_variables=yes
am_cv_prog_cc_c_o=yes
pkg_cv_DEPS_CFLAGS='-pthread -I/usr/include/gtk-2.0 -I/usr/lib/x86_64-linux-gnu/gtk-2.0/include -I/usr/include/gio-unix-2.0/ -I/usr/include/cairo -I/usr/include/pango-1.0 -I/usr/include/atk-1.0 -I/usr/include/cairo -I/usr/include/pixman-1 -I/usr/include/libpng12 -I/usr/include/gdk-pixbuf-2.0 -I/usr/include/libpng12 -I/usr/include/pango-1.0 -I/usr/include/harfbuzz -I/usr/include/pango-1.0 -I/usr/include/freetype2 -I/usr/include/glib-2.0 -I/usr/lib/x86_64-linux-gnu/glib-2.0/include'
pkg_cv_DEPS_LIBS='-lgtk-x11-2.0 -lgdk-x11-2.0 -lpangocairo-1.0 -latk-1.0 -lcairo -lgdk_pixbuf-2.0 -lgio-2.0 -lpangoft2-1.0 -lpango-1.0 -lgobject-2.0 -lfontconfig -lfreetype -lgthread-2.0 -pthread -lglib-2.0'

## ----------------- ##
## Output variables. ##
## ----------------- ##

ACLOCAL='${SHELL} /root/packETH-develop/missing aclocal-1.15'
AMDEPBACKSLASH='\'
AMDEP_FALSE='#'
AMDEP_TRUE=''
AMTAR='$${TAR-tar}'
AM_BACKSLASH='\'
AM_DEFAULT_V='$(AM_DEFAULT_VERBOSITY)'
AM_DEFAULT_VERBOSITY='1'
AM_V='$(V)'
AUTOCONF='${SHELL} /root/packETH-develop/missing autoconf'
AUTOHEADER='${SHELL} /root/packETH-develop/missing autoheader'
AUTOMAKE='${SHELL} /root/packETH-develop/missing automake-1.15'
AWK='gawk'
CC='gcc'
CCDEPMODE='depmode=gcc3'
CFLAGS='-g -O2'
CPP='gcc -E'
CPPFLAGS=''
CYGPATH_W='echo'
DEFS='-DHAVE_CONFIG_H'
DEPDIR='.deps'
DEPS_CFLAGS='-pthread -I/usr/include/gtk-2.0 -I/usr/lib/x86_64-linux-gnu/gtk-2.0/include -I/usr/include/gio-unix-2.0/ -I/usr/include/cairo -I/usr/include/pango-1.0 -I/usr/include/atk-1.0 -I/usr/include/cairo -I/usr/include/pixman-1 -I/usr/include/libpng12 -I/usr/include/gdk-pixbuf-2.0 -I/usr/include/libpng12 -I/usr/include/pango-1.0 -I/usr/include/harfbuzz -I/usr/include/pango-1.0 -I/usr/include/freetype2 -I/usr/include/glib-2.0 -I/usr/lib/x86_64-linux-gnu/glib-2.0/include'
DEPS_LIBS='-lgtk-x11-2.0 -lgdk-x11-2.0 -lpangocairo-1.0 -latk-1.0 -lcairo -lgdk_pixbuf-2.0 -lgio-2.0 -lpangoft2-1.0 -lpango-1.0 -lgobject-2.0 -lfontconfig -lfreetype -lgthread-2.0 -pthread -lglib-2.0'
ECHO_C=''
ECHO_N='-n'
ECHO_T=''
EGREP='/bin/grep -E'
EXEEXT=''
GREP='/bin/grep'
INSTALL_DATA='${INSTALL} -m 644'
INSTALL_PROGRAM='${INSTALL}'
INSTALL_SCRIPT='${INSTALL}'
INSTALL_STRIP_PROGRAM='$(install_sh) -c -s'
LDFLAGS=''
LIBOBJS=''
LIBS='-lpthread -lm '
LTLIBOBJS=''
MAKEINFO='${SHELL} /root/packETH-develop/missing makeinfo'
MKDIR_P='/bin/mkdir -p'
OBJEXT='o'
PACKAGE='packeth'
PACKAGE_BUGREPORT='jemcek@gmail.com'
PACKAGE_NAME='packETH'
PACKAGE_STRING='packETH 1.7'
PACKAGE_TARNAME='packeth'
PACKAGE_URL=''
PACKAGE_VERSION='1.7'
PATH_SEPARATOR=':'
PKG_CONFIG='/usr/bin/pkg-config'
PKG_CONFIG_LIBDIR=''
PKG_CONFIG_PATH=''
POW_LIB=''
SET_MAKE=''
SHELL='/bin/bash'
STRIP=''
VERSION='1.7'
ac_ct_CC='gcc'
am__EXEEXT_FALSE=''
am__EXEEXT_TRUE='#'
am__fastdepCC_FALSE='#'
am__fastdepCC_TRUE=''
am__include='include'
am__isrc=''
am__leading_dot='.'
am__nodep='_no'
am__quote=''
am__tar='$${TAR-tar} chof - "$$tardir"'
am__untar='$${TAR-tar} xf -'
bindir='${exec_prefix}/bin'
build_alias=''
datadir='${datarootdir}'
datarootdir='${prefix}/share'
docdir='${datarootdir}/doc/${PACKAGE_TARNAME}'
dvidir='${docdir}'
exec_prefix='${prefix}'
host_alias=''
htmldir='${docdir}'
includedir='${prefix}/include'
infodir='${datarootdir}/info'
install_sh='${SHELL} /root/packETH-develop/install-sh'
libdir='${exec_prefix}/lib'
libexecdir='${exec_prefix}/libexec'
localedir='${datarootdir}/locale'
localstatedir='${prefix}/var'
mandir='${datarootdir}/man'
mkdir_p='$(MKDIR_P)'
oldincludedir='/usr/include'
pdfdir='${docdir}'
prefix='/usr/local'
program_transform_name='s,x,x,'
psdir='${docdir}'
runstatedir='${localstatedir}/run'
sbindir='${exec_prefix}/sbin'
sharedstatedir='${prefix}/com'
sysconfdir='${prefix}/etc'
target_alias=''

## ----------- ##
## confdefs.h. ##
## ----------- ##

/* confdefs.h */
#define PACKAGE_NAME "packETH"
#define PACKAGE_TARNAME "packeth"
#define PACKAGE_VERSION "1.7"
#define PACKAGE_STRING "packETH 1.7"
#define PACKAGE_BUGREPORT "jemcek@gmail.com"
#define PACKAGE_URL ""
#define PACKAGE "packeth"
#define VERSION "1.7"
#define HAVE_LIBM 1
#define HAVE_LIBPTHREAD 1
#define STDC_HEADERS 1
#define HAVE_SYS_TYPES_H 1
#define HAVE_SYS_STAT_H 1
#define HAVE_STDLIB_H 1
#define HAVE_STRING_H 1
#define HAVE_MEMORY_H 1
#define HAVE_STRINGS_H 1
#define HAVE_INTTYPES_H 1
#define HAVE_STDINT_H 1
#define HAVE_UNISTD_H 1
#define HAVE_LIBINTL_H 1
#define HAVE_NETDB_H 1
#define HAVE_NETINET_IN_H 1
#define HAVE_STDLIB_H 1
#define HAVE_STRING_H 1
#define HAVE_SYS_IOCTL_H 1
#define HAVE_SYS_SOCKET_H 1
#define HAVE_SYS_TIME_H 1
#define HAVE_SYS_TIMEB_H 1
#define HAVE_UNISTD_H 1
#define HAVE_STDLIB_H 1
#define HAVE_MALLOC 1
#define HAVE_BZERO 1
#define HAVE_FTIME 1
#define HAVE_GETTIMEOFDAY 1
#define HAVE_ISASCII 1
#define HAVE_MEMSET 1
#define HAVE_SOCKET 1
#define HAVE_STRCHR 1
#define HAVE_STRTOL 1
#define HAVE_STRTOUL 1
#define HAVE_STRTOULL 1

configure: exit 0

## ---------------------- ##
## Running config.status. ##
## ---------------------- ##

This file was extended by packETH config.status 1.7, which was
generated by GNU Autoconf 2.69.  Invocation command line was

  CONFIG_FILES    = 
  CONFIG_HEADERS  = 
  CONFIG_LINKS    = 
  CONFIG_COMMANDS = 
  $ ./config.status config.h

on presedljaj

config.status:887: creating config.h
